


ARM Macro Assembler    Page 1 


    1 00000000         ;/*-----------------------------------------------------
                       ----------------------------------------------------*/
    2 00000000         ;/*                                                     
                                                                           */
    3 00000000         ;/* Copyright(c) 2009 Nuvoton Technology Corp. All right
                       s reserved.                                         */
    4 00000000         ;/*                                                     
                                                                           */
    5 00000000         ;/*-----------------------------------------------------
                       ----------------------------------------------------*/
    6 00000000         
    7 00000000         ;;;;;;;;;;;;;;;;;;;;;;;;;;;;;;;;;;;;;;;;;;;;;;;;;;;
    8 00000000         
    9 00000000         
   10 00000000         ; User may overwrite stack size setting by pre-defined s
                       ymbol
   11 00000000                 IF               :LNOT: :DEF: Stack_Size
   13                          ENDIF
   14 00000000                 AREA             STACK, NOINIT, READWRITE, ALIGN
=3
   15 00000000         Stack_Mem
                               SPACE            Stack_Size
   16 00000400         __initial_sp
   17 00000400         
   18 00000400         
   19 00000400         ; <h> Heap Configuration
   20 00000400         ;   <o>  Heap Size (in Bytes) <0x0-0xFFFFFFFF:8>
   21 00000400         ; </h>
   22 00000400         
   23 00000400                 IF               :LNOT: :DEF: Heap_Size
   25                          ENDIF
   26 00000400         
   27 00000400                 AREA             HEAP, NOINIT, READWRITE, ALIGN=
3
   28 00000000         __heap_base
   29 00000000         Heap_Mem
                               SPACE            Heap_Size
   30 00000000         __heap_limit
   31 00000000         
   32 00000000         
   33 00000000                 PRESERVE8
   34 00000000                 THUMB
   35 00000000         
   36 00000000         
   37 00000000         ; Vector Table Mapped to Address 0 at Reset
   38 00000000                 AREA             RESET, DATA, READONLY
   39 00000000                 EXPORT           __Vectors
   40 00000000         
   41 00000000 00000000 
                       __Vectors
                               DCD              __initial_sp ; Top of Stack
   42 00000004 00000000        DCD              Reset_Handler ; Reset Handler
   43 00000008 00000000        DCD              NMI_Handler ; NMI Handler
   44 0000000C 00000000        DCD              HardFault_Handler ; Hard Fault 
                                                            Handler
   45 00000010 00000000        DCD              0           ; Reserved
   46 00000014 00000000        DCD              0           ; Reserved
   47 00000018 00000000        DCD              0           ; Reserved
   48 0000001C 00000000        DCD              0           ; Reserved



ARM Macro Assembler    Page 2 


   49 00000020 00000000        DCD              0           ; Reserved
   50 00000024 00000000        DCD              0           ; Reserved
   51 00000028 00000000        DCD              0           ; Reserved
   52 0000002C 00000000        DCD              SVC_Handler ; SVCall Handler
   53 00000030 00000000        DCD              0           ; Reserved
   54 00000034 00000000        DCD              0           ; Reserved
   55 00000038 00000000        DCD              PendSV_Handler ; PendSV Handler
                                                            
   56 0000003C 00000000        DCD              SysTick_Handler 
                                                            ; SysTick Handler
   57 00000040         
   58 00000040         ; External Interrupts
   59 00000040         ; maximum of 32 External Interrupts are possible
   60 00000040 00000000        DCD              BOD_IRQHandler
   61 00000044 00000000        DCD              WDT_IRQHandler
   62 00000048 00000000        DCD              EINT0_IRQHandler
   63 0000004C 00000000        DCD              EINT1_IRQHandler
   64 00000050 00000000        DCD              GPAB_IRQHandler
   65 00000054 00000000        DCD              GPCDF_IRQHandler
   66 00000058 00000000        DCD              PWMA_IRQHandler
   67 0000005C 00000000        DCD              Default_Handler
   68 00000060 00000000        DCD              TMR0_IRQHandler
   69 00000064 00000000        DCD              TMR1_IRQHandler
   70 00000068 00000000        DCD              TMR2_IRQHandler
   71 0000006C 00000000        DCD              TMR3_IRQHandler
   72 00000070 00000000        DCD              UART0_IRQHandler
   73 00000074 00000000        DCD              UART1_IRQHandler
   74 00000078 00000000        DCD              SPI0_IRQHandler
   75 0000007C 00000000        DCD              SPI1_IRQHandler
   76 00000080 00000000        DCD              SPI2_IRQHandler
   77 00000084 00000000        DCD              SPI3_IRQHandler
   78 00000088 00000000        DCD              I2C0_IRQHandler
   79 0000008C 00000000        DCD              I2C1_IRQHandler
   80 00000090 00000000        DCD              CAN0_IRQHandler
   81 00000094 00000000        DCD              CAN1_IRQHandler
   82 00000098 00000000        DCD              SC012_IRQHandler
   83 0000009C 00000000        DCD              USBD_IRQHandler
   84 000000A0 00000000        DCD              PS2_IRQHandler
   85 000000A4 00000000        DCD              ACMP_IRQHandler
   86 000000A8 00000000        DCD              PDMA_IRQHandler
   87 000000AC 00000000        DCD              I2S_IRQHandler
   88 000000B0 00000000        DCD              PWRWU_IRQHandler
   89 000000B4 00000000        DCD              ADC_IRQHandler
   90 000000B8 00000000        DCD              Default_Handler
   91 000000BC 00000000        DCD              RTC_IRQHandler
   92 000000C0         
   93 000000C0         
   94 000000C0         
   95 000000C0         
   96 000000C0         
   97 000000C0         
   98 000000C0         
   99 000000C0                 AREA             |.text|, CODE, READONLY
  100 00000000         
  101 00000000         
  102 00000000         
  103 00000000         ; Reset Handler 
  104 00000000         
  105 00000000                 ENTRY



ARM Macro Assembler    Page 3 


  106 00000000         
  107 00000000         Reset_Handler
                               PROC
  108 00000000                 EXPORT           Reset_Handler             [WEAK
]
  109 00000000                 IMPORT           SystemInit
  110 00000000                 IMPORT           __main
  111 00000000         
  112 00000000 480A            LDR              R0, =0x50000100
  113 00000002         ; Unlock Register                                LDR    
                        R1, =0x59
  114 00000002 6001            STR              R1, [R0]
  115 00000004 490A            LDR              R1, =0x16
  116 00000006 6001            STR              R1, [R0]
  117 00000008 490A            LDR              R1, =0x88
  118 0000000A 6001            STR              R1, [R0]
  119 0000000C         
  120 0000000C         ; Init POR
  121 0000000C 4A0A            LDR              R2, =0x50000024
  122 0000000E 490B            LDR              R1, =0x00005AA5
  123 00000010 6011            STR              R1, [R2]
  124 00000012         
  125 00000012         ; Lock register
  126 00000012 2100            MOVS             R1, #0
  127 00000014 6001            STR              R1, [R0]
  128 00000016         
  129 00000016 480A            LDR              R0, =SystemInit
  130 00000018 4780            BLX              R0
  131 0000001A 480A            LDR              R0, =__main
  132 0000001C 4700            BX               R0
  133 0000001E                 ENDP
  134 0000001E         
  135 0000001E         
  136 0000001E         ; Dummy Exception Handlers (infinite loops which can be 
                       modified)                
  137 0000001E         
  138 0000001E         NMI_Handler
                               PROC
  139 0000001E                 EXPORT           NMI_Handler               [WEAK
]
  140 0000001E E7FE            B                .
  141 00000020                 ENDP
  143 00000020         HardFault_Handler
                               PROC
  144 00000020                 EXPORT           HardFault_Handler         [WEAK
]
  145 00000020 E7FE            B                .
  146 00000022                 ENDP
  147 00000022         SVC_Handler
                               PROC
  148 00000022                 EXPORT           SVC_Handler               [WEAK
]
  149 00000022 E7FE            B                .
  150 00000024                 ENDP
  151 00000024         PendSV_Handler
                               PROC
  152 00000024                 EXPORT           PendSV_Handler            [WEAK
]
  153 00000024 E7FE            B                .



ARM Macro Assembler    Page 4 


  154 00000026                 ENDP
  155 00000026         SysTick_Handler
                               PROC
  156 00000026                 EXPORT           SysTick_Handler           [WEAK
]
  157 00000026 E7FE            B                .
  158 00000028                 ENDP
  159 00000028         
  160 00000028         Default_Handler
                               PROC
  161 00000028         
  162 00000028                 EXPORT           BOD_IRQHandler            [WEAK
]
  163 00000028                 EXPORT           WDT_IRQHandler            [WEAK
]
  164 00000028                 EXPORT           EINT0_IRQHandler          [WEAK
]
  165 00000028                 EXPORT           EINT1_IRQHandler          [WEAK
]
  166 00000028                 EXPORT           GPAB_IRQHandler           [WEAK
]
  167 00000028                 EXPORT           GPCDF_IRQHandler          [WEAK
]
  168 00000028                 EXPORT           PWMA_IRQHandler           [WEAK
]
  169 00000028                 EXPORT           TMR0_IRQHandler           [WEAK
]
  170 00000028                 EXPORT           TMR1_IRQHandler           [WEAK
]
  171 00000028                 EXPORT           TMR2_IRQHandler           [WEAK
]
  172 00000028                 EXPORT           TMR3_IRQHandler           [WEAK
]
  173 00000028                 EXPORT           UART0_IRQHandler          [WEAK
]
  174 00000028                 EXPORT           UART1_IRQHandler          [WEAK
]
  175 00000028                 EXPORT           SPI0_IRQHandler           [WEAK
]
  176 00000028                 EXPORT           SPI1_IRQHandler           [WEAK
]
  177 00000028                 EXPORT           SPI2_IRQHandler           [WEAK
]
  178 00000028                 EXPORT           SPI3_IRQHandler           [WEAK
]
  179 00000028                 EXPORT           I2C0_IRQHandler           [WEAK
]
  180 00000028                 EXPORT           I2C1_IRQHandler           [WEAK
]
  181 00000028                 EXPORT           CAN0_IRQHandler           [WEAK
]
  182 00000028                 EXPORT           CAN1_IRQHandler           [WEAK
]
  183 00000028                 EXPORT           SC012_IRQHandler          [WEAK
]
  184 00000028                 EXPORT           USBD_IRQHandler           [WEAK
]
  185 00000028                 EXPORT           PS2_IRQHandler            [WEAK
]



ARM Macro Assembler    Page 5 


  186 00000028                 EXPORT           ACMP_IRQHandler           [WEAK
]
  187 00000028                 EXPORT           PDMA_IRQHandler           [WEAK
]
  188 00000028                 EXPORT           I2S_IRQHandler            [WEAK
]
  189 00000028                 EXPORT           PWRWU_IRQHandler          [WEAK
]
  190 00000028                 EXPORT           ADC_IRQHandler            [WEAK
]
  191 00000028                 EXPORT           RTC_IRQHandler            [WEAK
]
  192 00000028         
  193 00000028         BOD_IRQHandler
  194 00000028         WDT_IRQHandler
  195 00000028         EINT0_IRQHandler
  196 00000028         EINT1_IRQHandler
  197 00000028         GPAB_IRQHandler
  198 00000028         GPCDF_IRQHandler
  199 00000028         PWMA_IRQHandler
  200 00000028         TMR0_IRQHandler
  201 00000028         TMR1_IRQHandler
  202 00000028         TMR2_IRQHandler
  203 00000028         TMR3_IRQHandler
  204 00000028         UART0_IRQHandler
  205 00000028         UART1_IRQHandler
  206 00000028         SPI0_IRQHandler
  207 00000028         SPI1_IRQHandler
  208 00000028         SPI2_IRQHandler
  209 00000028         SPI3_IRQHandler
  210 00000028         I2C0_IRQHandler
  211 00000028         I2C1_IRQHandler
  212 00000028         CAN0_IRQHandler
  213 00000028         CAN1_IRQHandler
  214 00000028         SC012_IRQHandler
  215 00000028         USBD_IRQHandler
  216 00000028         PS2_IRQHandler
  217 00000028         ACMP_IRQHandler
  218 00000028         PDMA_IRQHandler
  219 00000028         I2S_IRQHandler
  220 00000028         PWRWU_IRQHandler
  221 00000028         ADC_IRQHandler
  222 00000028         RTC_IRQHandler
  223 00000028 E7FE            B                .
  224 0000002A                 ENDP
  225 0000002A         
  226 0000002A         
  227 0000002A 00 00           ALIGN
  228 0000002C         
  229 0000002C         
  230 0000002C         ; User Initial Stack & Heap
  231 0000002C         
  232 0000002C                 IF               :DEF:__MICROLIB
  233 0000002C         
  234 0000002C                 EXPORT           __initial_sp
  235 0000002C                 EXPORT           __heap_base
  236 0000002C                 EXPORT           __heap_limit
  237 0000002C         
  238 0000002C                 ELSE



ARM Macro Assembler    Page 6 


  252                          ENDIF
  253 0000002C         
  254 0000002C                 END
              50000100 
              00000016 
              00000088 
              50000024 
              00005AA5 
              00000000 
              00000000 
Command Line: --debug --xref --diag_suppress=9931 --cpu=Cortex-M0 --apcs=interw
ork --depend=.\objects\startup_nuc123.d -o.\objects\startup_nuc123.o -I.\RTE\_T
arget_1 -IC:\Keil_v5\ARM\PACK\ARM\CMSIS\5.4.0\CMSIS\Core\Include -IC:\Keil_v5\A
RM\PACK\ARM\CMSIS\5.4.0\CMSIS\RTOS\RTX\INC -IC:\Keil_v5\ARM\PACK\Nuvoton\NuMicr
o_DFP\1.3.2\Device\NUC123\Include -IC:\Keil_v5\ARM\PACK\Nuvoton\NuMicro_DFP\1.3
.2\Device\NUC123\StdDriver\inc --predefine="__RTX SETA 1" --predefine="__EVAL S
ETA 1" --predefine="__MICROLIB SETA 1" --predefine="__UVISION_VERSION SETA 526"
 --predefine="_RTE_ SETA 1" --list=.\listings\startup_nuc123.lst RTE\Device\NUC
123SD4AN0\startup_NUC123.s



ARM Macro Assembler    Page 1 Alphabetic symbol ordering
Relocatable symbols

STACK 00000000

Symbol: STACK
   Definitions
      At line 14 in file RTE\Device\NUC123SD4AN0\startup_NUC123.s
   Uses
      None
Comment: STACK unused
Stack_Mem 00000000

Symbol: Stack_Mem
   Definitions
      At line 15 in file RTE\Device\NUC123SD4AN0\startup_NUC123.s
   Uses
      None
Comment: Stack_Mem unused
__initial_sp 00000400

Symbol: __initial_sp
   Definitions
      At line 16 in file RTE\Device\NUC123SD4AN0\startup_NUC123.s
   Uses
      At line 41 in file RTE\Device\NUC123SD4AN0\startup_NUC123.s
      At line 234 in file RTE\Device\NUC123SD4AN0\startup_NUC123.s

3 symbols



ARM Macro Assembler    Page 1 Alphabetic symbol ordering
Relocatable symbols

HEAP 00000000

Symbol: HEAP
   Definitions
      At line 27 in file RTE\Device\NUC123SD4AN0\startup_NUC123.s
   Uses
      None
Comment: HEAP unused
Heap_Mem 00000000

Symbol: Heap_Mem
   Definitions
      At line 29 in file RTE\Device\NUC123SD4AN0\startup_NUC123.s
   Uses
      None
Comment: Heap_Mem unused
__heap_base 00000000

Symbol: __heap_base
   Definitions
      At line 28 in file RTE\Device\NUC123SD4AN0\startup_NUC123.s
   Uses
      At line 235 in file RTE\Device\NUC123SD4AN0\startup_NUC123.s
Comment: __heap_base used once
__heap_limit 00000000

Symbol: __heap_limit
   Definitions
      At line 30 in file RTE\Device\NUC123SD4AN0\startup_NUC123.s
   Uses
      At line 236 in file RTE\Device\NUC123SD4AN0\startup_NUC123.s
Comment: __heap_limit used once
4 symbols



ARM Macro Assembler    Page 1 Alphabetic symbol ordering
Relocatable symbols

RESET 00000000

Symbol: RESET
   Definitions
      At line 38 in file RTE\Device\NUC123SD4AN0\startup_NUC123.s
   Uses
      None
Comment: RESET unused
__Vectors 00000000

Symbol: __Vectors
   Definitions
      At line 41 in file RTE\Device\NUC123SD4AN0\startup_NUC123.s
   Uses
      At line 39 in file RTE\Device\NUC123SD4AN0\startup_NUC123.s
Comment: __Vectors used once
2 symbols



ARM Macro Assembler    Page 1 Alphabetic symbol ordering
Relocatable symbols

.text 00000000

Symbol: .text
   Definitions
      At line 99 in file RTE\Device\NUC123SD4AN0\startup_NUC123.s
   Uses
      None
Comment: .text unused
ACMP_IRQHandler 00000028

Symbol: ACMP_IRQHandler
   Definitions
      At line 217 in file RTE\Device\NUC123SD4AN0\startup_NUC123.s
   Uses
      At line 85 in file RTE\Device\NUC123SD4AN0\startup_NUC123.s
      At line 186 in file RTE\Device\NUC123SD4AN0\startup_NUC123.s

ADC_IRQHandler 00000028

Symbol: ADC_IRQHandler
   Definitions
      At line 221 in file RTE\Device\NUC123SD4AN0\startup_NUC123.s
   Uses
      At line 89 in file RTE\Device\NUC123SD4AN0\startup_NUC123.s
      At line 190 in file RTE\Device\NUC123SD4AN0\startup_NUC123.s

BOD_IRQHandler 00000028

Symbol: BOD_IRQHandler
   Definitions
      At line 193 in file RTE\Device\NUC123SD4AN0\startup_NUC123.s
   Uses
      At line 60 in file RTE\Device\NUC123SD4AN0\startup_NUC123.s
      At line 162 in file RTE\Device\NUC123SD4AN0\startup_NUC123.s

CAN0_IRQHandler 00000028

Symbol: CAN0_IRQHandler
   Definitions
      At line 212 in file RTE\Device\NUC123SD4AN0\startup_NUC123.s
   Uses
      At line 80 in file RTE\Device\NUC123SD4AN0\startup_NUC123.s
      At line 181 in file RTE\Device\NUC123SD4AN0\startup_NUC123.s

CAN1_IRQHandler 00000028

Symbol: CAN1_IRQHandler
   Definitions
      At line 213 in file RTE\Device\NUC123SD4AN0\startup_NUC123.s
   Uses
      At line 81 in file RTE\Device\NUC123SD4AN0\startup_NUC123.s
      At line 182 in file RTE\Device\NUC123SD4AN0\startup_NUC123.s

Default_Handler 00000028

Symbol: Default_Handler
   Definitions
      At line 160 in file RTE\Device\NUC123SD4AN0\startup_NUC123.s
   Uses



ARM Macro Assembler    Page 2 Alphabetic symbol ordering
Relocatable symbols

      At line 67 in file RTE\Device\NUC123SD4AN0\startup_NUC123.s
      At line 90 in file RTE\Device\NUC123SD4AN0\startup_NUC123.s

EINT0_IRQHandler 00000028

Symbol: EINT0_IRQHandler
   Definitions
      At line 195 in file RTE\Device\NUC123SD4AN0\startup_NUC123.s
   Uses
      At line 62 in file RTE\Device\NUC123SD4AN0\startup_NUC123.s
      At line 164 in file RTE\Device\NUC123SD4AN0\startup_NUC123.s

EINT1_IRQHandler 00000028

Symbol: EINT1_IRQHandler
   Definitions
      At line 196 in file RTE\Device\NUC123SD4AN0\startup_NUC123.s
   Uses
      At line 63 in file RTE\Device\NUC123SD4AN0\startup_NUC123.s
      At line 165 in file RTE\Device\NUC123SD4AN0\startup_NUC123.s

GPAB_IRQHandler 00000028

Symbol: GPAB_IRQHandler
   Definitions
      At line 197 in file RTE\Device\NUC123SD4AN0\startup_NUC123.s
   Uses
      At line 64 in file RTE\Device\NUC123SD4AN0\startup_NUC123.s
      At line 166 in file RTE\Device\NUC123SD4AN0\startup_NUC123.s

GPCDF_IRQHandler 00000028

Symbol: GPCDF_IRQHandler
   Definitions
      At line 198 in file RTE\Device\NUC123SD4AN0\startup_NUC123.s
   Uses
      At line 65 in file RTE\Device\NUC123SD4AN0\startup_NUC123.s
      At line 167 in file RTE\Device\NUC123SD4AN0\startup_NUC123.s

HardFault_Handler 00000020

Symbol: HardFault_Handler
   Definitions
      At line 143 in file RTE\Device\NUC123SD4AN0\startup_NUC123.s
   Uses
      At line 44 in file RTE\Device\NUC123SD4AN0\startup_NUC123.s
      At line 144 in file RTE\Device\NUC123SD4AN0\startup_NUC123.s

I2C0_IRQHandler 00000028

Symbol: I2C0_IRQHandler
   Definitions
      At line 210 in file RTE\Device\NUC123SD4AN0\startup_NUC123.s
   Uses
      At line 78 in file RTE\Device\NUC123SD4AN0\startup_NUC123.s
      At line 179 in file RTE\Device\NUC123SD4AN0\startup_NUC123.s

I2C1_IRQHandler 00000028




ARM Macro Assembler    Page 3 Alphabetic symbol ordering
Relocatable symbols

Symbol: I2C1_IRQHandler
   Definitions
      At line 211 in file RTE\Device\NUC123SD4AN0\startup_NUC123.s
   Uses
      At line 79 in file RTE\Device\NUC123SD4AN0\startup_NUC123.s
      At line 180 in file RTE\Device\NUC123SD4AN0\startup_NUC123.s

I2S_IRQHandler 00000028

Symbol: I2S_IRQHandler
   Definitions
      At line 219 in file RTE\Device\NUC123SD4AN0\startup_NUC123.s
   Uses
      At line 87 in file RTE\Device\NUC123SD4AN0\startup_NUC123.s
      At line 188 in file RTE\Device\NUC123SD4AN0\startup_NUC123.s

NMI_Handler 0000001E

Symbol: NMI_Handler
   Definitions
      At line 138 in file RTE\Device\NUC123SD4AN0\startup_NUC123.s
   Uses
      At line 43 in file RTE\Device\NUC123SD4AN0\startup_NUC123.s
      At line 139 in file RTE\Device\NUC123SD4AN0\startup_NUC123.s

PDMA_IRQHandler 00000028

Symbol: PDMA_IRQHandler
   Definitions
      At line 218 in file RTE\Device\NUC123SD4AN0\startup_NUC123.s
   Uses
      At line 86 in file RTE\Device\NUC123SD4AN0\startup_NUC123.s
      At line 187 in file RTE\Device\NUC123SD4AN0\startup_NUC123.s

PS2_IRQHandler 00000028

Symbol: PS2_IRQHandler
   Definitions
      At line 216 in file RTE\Device\NUC123SD4AN0\startup_NUC123.s
   Uses
      At line 84 in file RTE\Device\NUC123SD4AN0\startup_NUC123.s
      At line 185 in file RTE\Device\NUC123SD4AN0\startup_NUC123.s

PWMA_IRQHandler 00000028

Symbol: PWMA_IRQHandler
   Definitions
      At line 199 in file RTE\Device\NUC123SD4AN0\startup_NUC123.s
   Uses
      At line 66 in file RTE\Device\NUC123SD4AN0\startup_NUC123.s
      At line 168 in file RTE\Device\NUC123SD4AN0\startup_NUC123.s

PWRWU_IRQHandler 00000028

Symbol: PWRWU_IRQHandler
   Definitions
      At line 220 in file RTE\Device\NUC123SD4AN0\startup_NUC123.s
   Uses
      At line 88 in file RTE\Device\NUC123SD4AN0\startup_NUC123.s



ARM Macro Assembler    Page 4 Alphabetic symbol ordering
Relocatable symbols

      At line 189 in file RTE\Device\NUC123SD4AN0\startup_NUC123.s

PendSV_Handler 00000024

Symbol: PendSV_Handler
   Definitions
      At line 151 in file RTE\Device\NUC123SD4AN0\startup_NUC123.s
   Uses
      At line 55 in file RTE\Device\NUC123SD4AN0\startup_NUC123.s
      At line 152 in file RTE\Device\NUC123SD4AN0\startup_NUC123.s

RTC_IRQHandler 00000028

Symbol: RTC_IRQHandler
   Definitions
      At line 222 in file RTE\Device\NUC123SD4AN0\startup_NUC123.s
   Uses
      At line 91 in file RTE\Device\NUC123SD4AN0\startup_NUC123.s
      At line 191 in file RTE\Device\NUC123SD4AN0\startup_NUC123.s

Reset_Handler 00000000

Symbol: Reset_Handler
   Definitions
      At line 107 in file RTE\Device\NUC123SD4AN0\startup_NUC123.s
   Uses
      At line 42 in file RTE\Device\NUC123SD4AN0\startup_NUC123.s
      At line 108 in file RTE\Device\NUC123SD4AN0\startup_NUC123.s

SC012_IRQHandler 00000028

Symbol: SC012_IRQHandler
   Definitions
      At line 214 in file RTE\Device\NUC123SD4AN0\startup_NUC123.s
   Uses
      At line 82 in file RTE\Device\NUC123SD4AN0\startup_NUC123.s
      At line 183 in file RTE\Device\NUC123SD4AN0\startup_NUC123.s

SPI0_IRQHandler 00000028

Symbol: SPI0_IRQHandler
   Definitions
      At line 206 in file RTE\Device\NUC123SD4AN0\startup_NUC123.s
   Uses
      At line 74 in file RTE\Device\NUC123SD4AN0\startup_NUC123.s
      At line 175 in file RTE\Device\NUC123SD4AN0\startup_NUC123.s

SPI1_IRQHandler 00000028

Symbol: SPI1_IRQHandler
   Definitions
      At line 207 in file RTE\Device\NUC123SD4AN0\startup_NUC123.s
   Uses
      At line 75 in file RTE\Device\NUC123SD4AN0\startup_NUC123.s
      At line 176 in file RTE\Device\NUC123SD4AN0\startup_NUC123.s

SPI2_IRQHandler 00000028

Symbol: SPI2_IRQHandler



ARM Macro Assembler    Page 5 Alphabetic symbol ordering
Relocatable symbols

   Definitions
      At line 208 in file RTE\Device\NUC123SD4AN0\startup_NUC123.s
   Uses
      At line 76 in file RTE\Device\NUC123SD4AN0\startup_NUC123.s
      At line 177 in file RTE\Device\NUC123SD4AN0\startup_NUC123.s

SPI3_IRQHandler 00000028

Symbol: SPI3_IRQHandler
   Definitions
      At line 209 in file RTE\Device\NUC123SD4AN0\startup_NUC123.s
   Uses
      At line 77 in file RTE\Device\NUC123SD4AN0\startup_NUC123.s
      At line 178 in file RTE\Device\NUC123SD4AN0\startup_NUC123.s

SVC_Handler 00000022

Symbol: SVC_Handler
   Definitions
      At line 147 in file RTE\Device\NUC123SD4AN0\startup_NUC123.s
   Uses
      At line 52 in file RTE\Device\NUC123SD4AN0\startup_NUC123.s
      At line 148 in file RTE\Device\NUC123SD4AN0\startup_NUC123.s

SysTick_Handler 00000026

Symbol: SysTick_Handler
   Definitions
      At line 155 in file RTE\Device\NUC123SD4AN0\startup_NUC123.s
   Uses
      At line 56 in file RTE\Device\NUC123SD4AN0\startup_NUC123.s
      At line 156 in file RTE\Device\NUC123SD4AN0\startup_NUC123.s

TMR0_IRQHandler 00000028

Symbol: TMR0_IRQHandler
   Definitions
      At line 200 in file RTE\Device\NUC123SD4AN0\startup_NUC123.s
   Uses
      At line 68 in file RTE\Device\NUC123SD4AN0\startup_NUC123.s
      At line 169 in file RTE\Device\NUC123SD4AN0\startup_NUC123.s

TMR1_IRQHandler 00000028

Symbol: TMR1_IRQHandler
   Definitions
      At line 201 in file RTE\Device\NUC123SD4AN0\startup_NUC123.s
   Uses
      At line 69 in file RTE\Device\NUC123SD4AN0\startup_NUC123.s
      At line 170 in file RTE\Device\NUC123SD4AN0\startup_NUC123.s

TMR2_IRQHandler 00000028

Symbol: TMR2_IRQHandler
   Definitions
      At line 202 in file RTE\Device\NUC123SD4AN0\startup_NUC123.s
   Uses
      At line 70 in file RTE\Device\NUC123SD4AN0\startup_NUC123.s
      At line 171 in file RTE\Device\NUC123SD4AN0\startup_NUC123.s



ARM Macro Assembler    Page 6 Alphabetic symbol ordering
Relocatable symbols


TMR3_IRQHandler 00000028

Symbol: TMR3_IRQHandler
   Definitions
      At line 203 in file RTE\Device\NUC123SD4AN0\startup_NUC123.s
   Uses
      At line 71 in file RTE\Device\NUC123SD4AN0\startup_NUC123.s
      At line 172 in file RTE\Device\NUC123SD4AN0\startup_NUC123.s

UART0_IRQHandler 00000028

Symbol: UART0_IRQHandler
   Definitions
      At line 204 in file RTE\Device\NUC123SD4AN0\startup_NUC123.s
   Uses
      At line 72 in file RTE\Device\NUC123SD4AN0\startup_NUC123.s
      At line 173 in file RTE\Device\NUC123SD4AN0\startup_NUC123.s

UART1_IRQHandler 00000028

Symbol: UART1_IRQHandler
   Definitions
      At line 205 in file RTE\Device\NUC123SD4AN0\startup_NUC123.s
   Uses
      At line 73 in file RTE\Device\NUC123SD4AN0\startup_NUC123.s
      At line 174 in file RTE\Device\NUC123SD4AN0\startup_NUC123.s

USBD_IRQHandler 00000028

Symbol: USBD_IRQHandler
   Definitions
      At line 215 in file RTE\Device\NUC123SD4AN0\startup_NUC123.s
   Uses
      At line 83 in file RTE\Device\NUC123SD4AN0\startup_NUC123.s
      At line 184 in file RTE\Device\NUC123SD4AN0\startup_NUC123.s

WDT_IRQHandler 00000028

Symbol: WDT_IRQHandler
   Definitions
      At line 194 in file RTE\Device\NUC123SD4AN0\startup_NUC123.s
   Uses
      At line 61 in file RTE\Device\NUC123SD4AN0\startup_NUC123.s
      At line 163 in file RTE\Device\NUC123SD4AN0\startup_NUC123.s

38 symbols



ARM Macro Assembler    Page 1 Alphabetic symbol ordering
Absolute symbols

Heap_Size 00000000

Symbol: Heap_Size
   Definitions
      At line 24 in file RTE\Device\NUC123SD4AN0\startup_NUC123.s
   Uses
      At line 29 in file RTE\Device\NUC123SD4AN0\startup_NUC123.s
Comment: Heap_Size used once
Stack_Size 00000400

Symbol: Stack_Size
   Definitions
      At line 12 in file RTE\Device\NUC123SD4AN0\startup_NUC123.s
   Uses
      At line 15 in file RTE\Device\NUC123SD4AN0\startup_NUC123.s
Comment: Stack_Size used once
2 symbols



ARM Macro Assembler    Page 1 Alphabetic symbol ordering
External symbols

SystemInit 00000000

Symbol: SystemInit
   Definitions
      At line 109 in file RTE\Device\NUC123SD4AN0\startup_NUC123.s
   Uses
      At line 129 in file RTE\Device\NUC123SD4AN0\startup_NUC123.s
Comment: SystemInit used once
__main 00000000

Symbol: __main
   Definitions
      At line 110 in file RTE\Device\NUC123SD4AN0\startup_NUC123.s
   Uses
      At line 131 in file RTE\Device\NUC123SD4AN0\startup_NUC123.s
Comment: __main used once
2 symbols
390 symbols in table
